46665120
84741058
13202233
496154126
85812985
94594
1590326
706054127
105768021
77937520
9431769
61089917
986593
250329384
202901312
768271
8005525
52358621
164596947
11602685
75432022
96214169
9744777
30518186
35585572
25870015
343919
461271
54615035
175791664
336142580
37605040
31958713
1234793
46507286
14431976
19075366
24080532
190352597
5690019
224956732
73681813
35808709
46507521
764016
39361388
663861
189203680
113293
76625253
22360093
5204207
305902333
101179847
3219131
148431842
66449585
49787001
23003810
17458175
1561608
114350688
71785743
156028151
142101624
238603738
521472862
28900025
85884634
136062275
204734003
62811381
10626786
107013759
125052220
264980897
33724372
124215416
112797298
30640749
72340033
22887893
571206883
50611430
8736056
61681861
326473
3963198
8676905
249116823
71268619
143221612
433607228
2727637
24721603
2656629
8387025
116304542
11903764
38684193
27120121
35229826
266041088
107494959
10799686
130345079
1068688131
11294348
3372205
200346631
47673249
6403781
66703493
796905
18334912
16847079
19325817
114403097
86461250
155100893
183225907
50116396
407185579
1519069
223042382
35425171
28850781
10236630
2799783
558298406
95309588
497320
82666
18528612
522111555
88016000
18264885
8491835
37835204
85577579
76590863
24443345
40493310
31976949
210694
21126660
280619176
106178044
6080172
31962636
117059144
13621554
9750635
747532
1822189
108348110
5671093
97501840
1943285
5468179
117888723
172006196
3405247
408297604
851149639
3155413
136187
24406721
103938668
5440064
28719051
15926969
485878508
50809387
158687930
297696328
214902814
9573333
140148
5970275
104399489
6515632
645945550
1027620
40475922
26836319
96344904
290534561
83194627
2054800
458708252
53128548
525555708
795678955
41346902
27388108
7760952
22918086
345272284
10928987
308092
20587767
3690765
33157633
323695
23153635
53124395
134794652
10407129
5807710
17659414
1121111
36084601
92274743
1781130
1773882
485712
9391967
6440099
1260886
32215666
76958474
25589355
3526630
48367364
50293071
16844053
9460839
14404821
232354823
3785760
12395839
66771738
26992517
1415896
10836254
43692971
181156
38111769
43724869
2179318
29470741
2008300
1798695
104200585
332127168
68806624
96031
78064384
27561169
109176256
197670282
103734
8661871
22563918
63810524
64321398
63269225
2323523
127751515
224572321
3866514
32769846
281525725
28049723
20874315
27856609
8817223
50310591
104635121
111923124
2029275
398191
203406303
35270652
4156907
410831
17334356
66622371
13067182
172739370
15507265
116162094
9814850
1108192
167077583
3028381
34713764
4927102
83694179
8510728
159709922
119515410
29366332
16446762
22008642
342485422
459272330
16816681
27490164
285248762
704099580
16123683
150055147
109413124
342895
20179918
3930494
1421843
77728472
342660244
308944
53990949
199798511
223808
46738888
63265455
95379446
268779006
126858007
10252558
74852765
6627295
3231292
263956494
19796743
323752663
83407044
113487995
136625478
17141520
64133782
23291817
958027
268867236
24122721
318887275
456122854
40894436
3422076
51105318
30147385
63840821
112025644
89018
82945666
3351635
3826662
604275
112051075
52740525
3786772
35608780
22151675
2696826
185138585
19691874
1182531370
86523914
35244703
130911118
26989625
6137249
64424195
24967253
97865660
369176981
1700584
40843672
2503800
349948842
1466436340
138281379
75329602
508551774
37559740
275782557
142905095
131002400
159770247
6316448
10138952
2768435
71388707
86493364
27687184
300864615
3160114
152358560
148600810
247110564
1136352
806136540
15105646
103298100
47272769
352045679
1696748
10889919
2425211
325015008
6126158
12086097
202042505
80650297
4560877
207814654
108227010
382543130
36976126
447489856
2028081
133884419
556816615
16319083
5702940
10468308
7236803
82160046
4702102
101843407
17400652
62598057
2344460
485959
181008483
26627781
52008010
282420283
617388111
539726133
409809419
13923407
36766888
68161146
139256260
125244756
62672304
30098901
511688025
219642529
134114783
143154187
206161664
57196275
165031
86676741
225819958
14903800
24716705
2854700
749741756
244613204
38570665
419059368
209368160
14685414
20222949
229593440
206304582
36745973
11606817
10022095
13138035
7050026
2088872
170068446
97876268
261059923
230124317
173189716
129556704
118285726
240908000
8535807
67738793
104778772
2550358
199852318
19521601
139017026
107646973
28125733
27015929
901816977
2661480
51930503
64190390
11800956
93555927
926822
132338971
210069701
13539867
49284002
81345325
15552316
507130836
99056768
2534964
solution_2 time: 0.185471 seconds
